[debug] [2024-03-03T12:04:20.219Z] ----------------------------------------------------------------------
[debug] [2024-03-03T12:04:20.221Z] Command:       /usr/local/bin/firebase /Users/muhammedimthiyaz/.cache/firebase/tools/lib/node_modules/firebase-tools/lib/bin/firebase deploy
[debug] [2024-03-03T12:04:20.222Z] CLI Version:   12.3.1
[debug] [2024-03-03T12:04:20.222Z] Platform:      darwin
[debug] [2024-03-03T12:04:20.222Z] Node Version:  v16.16.0
[debug] [2024-03-03T12:04:20.224Z] Time:          Sun Mar 03 2024 17:34:20 GMT+0530 (India Standard Time)
[debug] [2024-03-03T12:04:20.225Z] ----------------------------------------------------------------------
[debug] 
[debug] [2024-03-03T12:04:20.359Z] > command requires scopes: ["email","openid","https://www.googleapis.com/auth/cloudplatformprojects.readonly","https://www.googleapis.com/auth/firebase","https://www.googleapis.com/auth/cloud-platform"]
[debug] [2024-03-03T12:04:20.360Z] > authorizing via signed-in user (imthiyaz.muhd@gmail.com)
[debug] [2024-03-03T12:04:20.361Z] [iam] checking project webimthiyaz for permissions ["firebase.projects.get","firebasehosting.sites.update"]
[debug] [2024-03-03T12:04:20.363Z] >>> [apiv2][query] POST https://cloudresourcemanager.googleapis.com/v1/projects/webimthiyaz:testIamPermissions [none]
[debug] [2024-03-03T12:04:20.365Z] >>> [apiv2][(partial)header] POST https://cloudresourcemanager.googleapis.com/v1/projects/webimthiyaz:testIamPermissions x-goog-quota-user=projects/webimthiyaz
[debug] [2024-03-03T12:04:20.366Z] >>> [apiv2][body] POST https://cloudresourcemanager.googleapis.com/v1/projects/webimthiyaz:testIamPermissions {"permissions":["firebase.projects.get","firebasehosting.sites.update"]}
[debug] [2024-03-03T12:04:21.882Z] <<< [apiv2][status] POST https://cloudresourcemanager.googleapis.com/v1/projects/webimthiyaz:testIamPermissions 200
[debug] [2024-03-03T12:04:21.885Z] <<< [apiv2][body] POST https://cloudresourcemanager.googleapis.com/v1/projects/webimthiyaz:testIamPermissions {"permissions":["firebase.projects.get","firebasehosting.sites.update"]}
[debug] [2024-03-03T12:04:21.889Z] >>> [apiv2][query] GET https://firebase.googleapis.com/v1beta1/projects/webimthiyaz [none]
[debug] [2024-03-03T12:04:22.910Z] <<< [apiv2][status] GET https://firebase.googleapis.com/v1beta1/projects/webimthiyaz 200
[debug] [2024-03-03T12:04:22.912Z] <<< [apiv2][body] GET https://firebase.googleapis.com/v1beta1/projects/webimthiyaz {"projectId":"webimthiyaz","projectNumber":"416545756068","displayName":"portfolio","name":"projects/webimthiyaz","resources":{"hostingSite":"webimthiyaz"},"state":"ACTIVE","etag":"1_bcc80214-21de-4084-89e7-814afafac10e"}
[info] 
[info] === Deploying to 'webimthiyaz'...
[info] 
[info] i  deploying hosting 
[debug] [2024-03-03T12:04:22.930Z] >>> [apiv2][query] POST https://firebasehosting.googleapis.com/v1beta1/projects/-/sites/webimthiyaz/versions [none]
[debug] [2024-03-03T12:04:22.932Z] >>> [apiv2][body] POST https://firebasehosting.googleapis.com/v1beta1/projects/-/sites/webimthiyaz/versions {"status":"CREATED","labels":{"deployment-tool":"cli-firebase"}}
[debug] [2024-03-03T12:04:24.384Z] <<< [apiv2][status] POST https://firebasehosting.googleapis.com/v1beta1/projects/-/sites/webimthiyaz/versions 200
[debug] [2024-03-03T12:04:24.385Z] <<< [apiv2][body] POST https://firebasehosting.googleapis.com/v1beta1/projects/-/sites/webimthiyaz/versions {"name":"projects/416545756068/sites/webimthiyaz/versions/2564f02c9be880f5","status":"CREATED","config":{},"labels":{"deployment-tool":"cli-firebase"}}
[info] i  hosting[webimthiyaz]: beginning deploy... 
[info] i  hosting[webimthiyaz]: found 38 files in build 
[debug] [2024-03-03T12:04:24.413Z] [hosting] uploading with 200 concurrency
[debug] [2024-03-03T12:04:24.631Z] [hosting] hash cache [YnVpbGQ] stored for 38 files
[debug] [2024-03-03T12:04:24.632Z] [hosting][hash queue][FINAL] {"max":202,"min":32,"avg":54.94736842105263,"active":0,"complete":38,"success":38,"errored":0,"retried":0,"total":38,"elapsed":217}
[debug] [2024-03-03T12:04:24.632Z] >>> [apiv2][query] POST https://firebasehosting.googleapis.com/v1beta1/projects/416545756068/sites/webimthiyaz/versions/2564f02c9be880f5:populateFiles [none]
[debug] [2024-03-03T12:04:24.632Z] >>> [apiv2][body] POST https://firebasehosting.googleapis.com/v1beta1/projects/416545756068/sites/webimthiyaz/versions/2564f02c9be880f5:populateFiles {"files":{"/android-chrome-192x192.png":"2776ed49587a4edce9c9ad008c201e12e4ec93610e26af78b616e885bac00d49","/asset-manifest.json":"956d803c622720f7909c6b1c90b721b2dfb73da80b8ccc29befde725acdb2570","/about.txt":"2339b5b5b901eff87a26e638873b4bd2a99423253dd7006073ed7d55c926e3cd","/favicon-32x32.png":"397014cfce26d2b1d626d88cb3f05544f8ad501f870e724902c773f5d390dfa6","/apple-touch-icon.png":"2809338d8d65903e029744dee752786c57f3fe64268e8ca53ad02da3975dacfc","/favicon-16x16.png":"a8a806ffa1402b952404d8d95d40cc924fa18bd160a5e1c8a3fc112e091122fb","/manifest.json":"341d52628782f8ac9290bbfc43298afccb47b7cbfcee146ae30cf0f46bc30900","/robots.txt":"391d14b3c2f8c9143a27a28c7399585142228d4d1bdbe2c87ac946de411fa9a2","/index.html":"5e7d104838714d5afaf86fa9ae9ed3c96cd38f4dc3a224b1ed8d4cb2523b77e7","/site.webmanifest":"438eab4e1bab8df855faa047301dcd8cce4c8a815a1527502b0efc2270ad77fd","/static/js/2.8842d601.chunk.js.LICENSE.txt":"48132075f842fc640f04b2e0b5e8008bd7f87aab269cdb15c35156f98375bdd3","/static/css/main.f16c7b2b.chunk.css":"3e962112ffdafbb37dbf077e4a3d5bac1bf42e002894f31ec111a79bd847f626","/favicon.ico":"ba5c502b567c5b11b79cb6e1a328d39423670cc8713c57c884fda02659782792","/static/css/main.f16c7b2b.chunk.css.map":"aaa055d37a9bc7c6dc2bd16321a1c2ada549cf189a88c73166945488ea08e5e4","/static/js/3.e03e2585.chunk.js":"c4cbe319ab4b05583418097818c7c002af0a2fa7f6ed6df4f6690dfcba597892","/static/js/runtime-main.370c46a6.js":"072b032ac9d8cf341f4f96790722b24bf370dc9e803e8c43c138df12378295dc","/static/js/3.e03e2585.chunk.js.map":"63de1abcffebfdcd0771ed648e22dae4deaee3e2cbc919bbd567932c2070040b","/static/js/main.f5defe75.chunk.js":"4941a565206ee2acc71319086e439661e3e4f1e753165ed5c2ea1c35b74f09bc","/static/js/runtime-main.370c46a6.js.map":"1deaffa6c48c181109ed2f460662ceed1795765e68190e7948d724d85da6d4dc","/static/js/main.f5defe75.chunk.js.map":"5377083a21083ed11858dff238383b73024acece8b7b72393106f465200ba516","/android-chrome-512x512.png":"8e80865d607c63025f1332014c60a43ba23014bc75a000b3005112ea09925378","/static/media/quickbill_login.b0e5270a.jpg":"fa47f77aa6e88c12f23efbe6f215f92733fc18a73b0252dbf26c5f1443813027","/static/media/amazon_clone.462ef1bf.jpg":"021b512fd86f61de3e61ea322087ba5d2cf3732b3f9889b58f869959cdbc631d","/static/media/kuttys_web.8465309b.jpg":"1c66bd5a681b00d12d549d163b53ba23f89a0026002db78b797a7a31a18fc628","/static/media/quickbill_home.11697eeb.jpg":"0333ef6ea2b160fcf627d36d359675382178476a29edc0748fb80b34ab1a9414","/logo512.png":"7061c024dfbec016360f28d76b3e1a503802ff1aa961fc113be0830db41dc1b2","/static/media/quickbill_customer.a3e1bab4.jpg":"2cfe49bc98e1b4f56ce175a4f9668a545512d7e5c02a3d8b314fa07749707229","/logo192.png":"7061c024dfbec016360f28d76b3e1a503802ff1aa961fc113be0830db41dc1b2","/static/media/Resume-MUHAMMED-IMTHIYAZ.9e2b694d.pdf":"9b8b23f96cdc342f6daac4b0bd4e0970b377d2b09e1b18e0b7c2f351467157be","/static/media/facebook__clone.d170d98c.jpg":"ab378cc5dec3a64e7e71ee9b5b0076a2d01179359fcdaa9330bf7f7aa8ffa8f5","/static/js/2.8842d601.chunk.js":"426a31c9b45c3cfb9874f8baad28c5c211b07aec06b0580d0437756047881932","/static/media/prakria2.b60fa6a7.png":"d5bdb56f0b833d5cd9dfa602cc30e77b4d868123eb38ed2339548930ea88f8f9","/static/media/a4u.814319f7.png":"bac9fff5ed962e2b8d5450e104456a72165209fe8ccdf1ba2ef8b983b6b80069","/static/media/prakria1.5de912d7.png":"92f2f93f1155fc73d56672f7f447bc2b1cad75232608814c12bb9869eb6e8619","/static/media/aladdin365.5add3ddf.png":"830b797a24786b12f4dacec7bafa2d422990642f619aec146dc506ff6f4ca4f8","/static/js/2.8842d601.chunk.js.map":"0f066201aca2782c54d2863131fc3bd40b3bb3635970a9054377e7104aa8e716","/static/media/photo2.12104441.png":"d62e308759847ec071bbe07cefabe40a1c5c46287f6ef925cc24f71562fd7bdb","/static/media/affiliate.3ef79f08.png":"4c518962b0adb3354ceddf197f9e91bfc45a010f3481ec15f4057cbcd5431f63"}}
[debug] [2024-03-03T12:04:26.072Z] <<< [apiv2][status] POST https://firebasehosting.googleapis.com/v1beta1/projects/416545756068/sites/webimthiyaz/versions/2564f02c9be880f5:populateFiles 200
[debug] [2024-03-03T12:04:26.072Z] <<< [apiv2][body] POST https://firebasehosting.googleapis.com/v1beta1/projects/416545756068/sites/webimthiyaz/versions/2564f02c9be880f5:populateFiles {"uploadRequiredHashes":["bac9fff5ed962e2b8d5450e104456a72165209fe8ccdf1ba2ef8b983b6b80069","aaa055d37a9bc7c6dc2bd16321a1c2ada549cf189a88c73166945488ea08e5e4","92f2f93f1155fc73d56672f7f447bc2b1cad75232608814c12bb9869eb6e8619","830b797a24786b12f4dacec7bafa2d422990642f619aec146dc506ff6f4ca4f8","d5bdb56f0b833d5cd9dfa602cc30e77b4d868123eb38ed2339548930ea88f8f9","4941a565206ee2acc71319086e439661e3e4f1e753165ed5c2ea1c35b74f09bc","072b032ac9d8cf341f4f96790722b24bf370dc9e803e8c43c138df12378295dc","48132075f842fc640f04b2e0b5e8008bd7f87aab269cdb15c35156f98375bdd3","9b8b23f96cdc342f6daac4b0bd4e0970b377d2b09e1b18e0b7c2f351467157be","0f066201aca2782c54d2863131fc3bd40b3bb3635970a9054377e7104aa8e716","956d803c622720f7909c6b1c90b721b2dfb73da80b8ccc29befde725acdb2570","5377083a21083ed11858dff238383b73024acece8b7b72393106f465200ba516","c4cbe319ab4b05583418097818c7c002af0a2fa7f6ed6df4f6690dfcba597892","4c518962b0adb3354ceddf197f9e91bfc45a010f3481ec15f4057cbcd5431f63","63de1abcffebfdcd0771ed648e22dae4deaee3e2cbc919bbd567932c2070040b","1deaffa6c48c181109ed2f460662ceed1795765e68190e7948d724d85da6d4dc","3e962112ffdafbb37dbf077e4a3d5bac1bf42e002894f31ec111a79bd847f626","426a31c9b45c3cfb9874f8baad28c5c211b07aec06b0580d0437756047881932","d62e308759847ec071bbe07cefabe40a1c5c46287f6ef925cc24f71562fd7bdb","5e7d104838714d5afaf86fa9ae9ed3c96cd38f4dc3a224b1ed8d4cb2523b77e7"],"uploadUrl":"https://upload-firebasehosting.googleapis.com/upload/sites/webimthiyaz/versions/2564f02c9be880f5/files"}
[debug] [2024-03-03T12:04:26.087Z] >>> [apiv2][query] POST https://upload-firebasehosting.googleapis.com/upload/sites/webimthiyaz/versions/2564f02c9be880f5/files/bac9fff5ed962e2b8d5450e104456a72165209fe8ccdf1ba2ef8b983b6b80069 [none]
[debug] [2024-03-03T12:04:26.087Z] >>> [apiv2][body] POST https://upload-firebasehosting.googleapis.com/upload/sites/webimthiyaz/versions/2564f02c9be880f5/files/bac9fff5ed962e2b8d5450e104456a72165209fe8ccdf1ba2ef8b983b6b80069 [stream]
[debug] [2024-03-03T12:04:26.089Z] >>> [apiv2][query] POST https://upload-firebasehosting.googleapis.com/upload/sites/webimthiyaz/versions/2564f02c9be880f5/files/aaa055d37a9bc7c6dc2bd16321a1c2ada549cf189a88c73166945488ea08e5e4 [none]
[debug] [2024-03-03T12:04:26.089Z] >>> [apiv2][body] POST https://upload-firebasehosting.googleapis.com/upload/sites/webimthiyaz/versions/2564f02c9be880f5/files/aaa055d37a9bc7c6dc2bd16321a1c2ada549cf189a88c73166945488ea08e5e4 [stream]
[debug] [2024-03-03T12:04:26.090Z] >>> [apiv2][query] POST https://upload-firebasehosting.googleapis.com/upload/sites/webimthiyaz/versions/2564f02c9be880f5/files/92f2f93f1155fc73d56672f7f447bc2b1cad75232608814c12bb9869eb6e8619 [none]
[debug] [2024-03-03T12:04:26.090Z] >>> [apiv2][body] POST https://upload-firebasehosting.googleapis.com/upload/sites/webimthiyaz/versions/2564f02c9be880f5/files/92f2f93f1155fc73d56672f7f447bc2b1cad75232608814c12bb9869eb6e8619 [stream]
[debug] [2024-03-03T12:04:26.096Z] >>> [apiv2][query] POST https://upload-firebasehosting.googleapis.com/upload/sites/webimthiyaz/versions/2564f02c9be880f5/files/830b797a24786b12f4dacec7bafa2d422990642f619aec146dc506ff6f4ca4f8 [none]
[debug] [2024-03-03T12:04:26.097Z] >>> [apiv2][body] POST https://upload-firebasehosting.googleapis.com/upload/sites/webimthiyaz/versions/2564f02c9be880f5/files/830b797a24786b12f4dacec7bafa2d422990642f619aec146dc506ff6f4ca4f8 [stream]
[debug] [2024-03-03T12:04:26.104Z] >>> [apiv2][query] POST https://upload-firebasehosting.googleapis.com/upload/sites/webimthiyaz/versions/2564f02c9be880f5/files/d5bdb56f0b833d5cd9dfa602cc30e77b4d868123eb38ed2339548930ea88f8f9 [none]
[debug] [2024-03-03T12:04:26.108Z] >>> [apiv2][body] POST https://upload-firebasehosting.googleapis.com/upload/sites/webimthiyaz/versions/2564f02c9be880f5/files/d5bdb56f0b833d5cd9dfa602cc30e77b4d868123eb38ed2339548930ea88f8f9 [stream]
[debug] [2024-03-03T12:04:26.115Z] >>> [apiv2][query] POST https://upload-firebasehosting.googleapis.com/upload/sites/webimthiyaz/versions/2564f02c9be880f5/files/4941a565206ee2acc71319086e439661e3e4f1e753165ed5c2ea1c35b74f09bc [none]
[debug] [2024-03-03T12:04:26.115Z] >>> [apiv2][body] POST https://upload-firebasehosting.googleapis.com/upload/sites/webimthiyaz/versions/2564f02c9be880f5/files/4941a565206ee2acc71319086e439661e3e4f1e753165ed5c2ea1c35b74f09bc [stream]
[debug] [2024-03-03T12:04:26.117Z] >>> [apiv2][query] POST https://upload-firebasehosting.googleapis.com/upload/sites/webimthiyaz/versions/2564f02c9be880f5/files/072b032ac9d8cf341f4f96790722b24bf370dc9e803e8c43c138df12378295dc [none]
[debug] [2024-03-03T12:04:26.117Z] >>> [apiv2][body] POST https://upload-firebasehosting.googleapis.com/upload/sites/webimthiyaz/versions/2564f02c9be880f5/files/072b032ac9d8cf341f4f96790722b24bf370dc9e803e8c43c138df12378295dc [stream]
[debug] [2024-03-03T12:04:26.119Z] >>> [apiv2][query] POST https://upload-firebasehosting.googleapis.com/upload/sites/webimthiyaz/versions/2564f02c9be880f5/files/48132075f842fc640f04b2e0b5e8008bd7f87aab269cdb15c35156f98375bdd3 [none]
[debug] [2024-03-03T12:04:26.119Z] >>> [apiv2][body] POST https://upload-firebasehosting.googleapis.com/upload/sites/webimthiyaz/versions/2564f02c9be880f5/files/48132075f842fc640f04b2e0b5e8008bd7f87aab269cdb15c35156f98375bdd3 [stream]
[debug] [2024-03-03T12:04:26.121Z] >>> [apiv2][query] POST https://upload-firebasehosting.googleapis.com/upload/sites/webimthiyaz/versions/2564f02c9be880f5/files/9b8b23f96cdc342f6daac4b0bd4e0970b377d2b09e1b18e0b7c2f351467157be [none]
[debug] [2024-03-03T12:04:26.121Z] >>> [apiv2][body] POST https://upload-firebasehosting.googleapis.com/upload/sites/webimthiyaz/versions/2564f02c9be880f5/files/9b8b23f96cdc342f6daac4b0bd4e0970b377d2b09e1b18e0b7c2f351467157be [stream]
[debug] [2024-03-03T12:04:26.125Z] >>> [apiv2][query] POST https://upload-firebasehosting.googleapis.com/upload/sites/webimthiyaz/versions/2564f02c9be880f5/files/0f066201aca2782c54d2863131fc3bd40b3bb3635970a9054377e7104aa8e716 [none]
[debug] [2024-03-03T12:04:26.125Z] >>> [apiv2][body] POST https://upload-firebasehosting.googleapis.com/upload/sites/webimthiyaz/versions/2564f02c9be880f5/files/0f066201aca2782c54d2863131fc3bd40b3bb3635970a9054377e7104aa8e716 [stream]
[debug] [2024-03-03T12:04:26.129Z] >>> [apiv2][query] POST https://upload-firebasehosting.googleapis.com/upload/sites/webimthiyaz/versions/2564f02c9be880f5/files/956d803c622720f7909c6b1c90b721b2dfb73da80b8ccc29befde725acdb2570 [none]
[debug] [2024-03-03T12:04:26.129Z] >>> [apiv2][body] POST https://upload-firebasehosting.googleapis.com/upload/sites/webimthiyaz/versions/2564f02c9be880f5/files/956d803c622720f7909c6b1c90b721b2dfb73da80b8ccc29befde725acdb2570 [stream]
[debug] [2024-03-03T12:04:26.134Z] >>> [apiv2][query] POST https://upload-firebasehosting.googleapis.com/upload/sites/webimthiyaz/versions/2564f02c9be880f5/files/5377083a21083ed11858dff238383b73024acece8b7b72393106f465200ba516 [none]
[debug] [2024-03-03T12:04:26.134Z] >>> [apiv2][body] POST https://upload-firebasehosting.googleapis.com/upload/sites/webimthiyaz/versions/2564f02c9be880f5/files/5377083a21083ed11858dff238383b73024acece8b7b72393106f465200ba516 [stream]
[debug] [2024-03-03T12:04:26.138Z] >>> [apiv2][query] POST https://upload-firebasehosting.googleapis.com/upload/sites/webimthiyaz/versions/2564f02c9be880f5/files/c4cbe319ab4b05583418097818c7c002af0a2fa7f6ed6df4f6690dfcba597892 [none]
[debug] [2024-03-03T12:04:26.138Z] >>> [apiv2][body] POST https://upload-firebasehosting.googleapis.com/upload/sites/webimthiyaz/versions/2564f02c9be880f5/files/c4cbe319ab4b05583418097818c7c002af0a2fa7f6ed6df4f6690dfcba597892 [stream]
[debug] [2024-03-03T12:04:26.141Z] >>> [apiv2][query] POST https://upload-firebasehosting.googleapis.com/upload/sites/webimthiyaz/versions/2564f02c9be880f5/files/4c518962b0adb3354ceddf197f9e91bfc45a010f3481ec15f4057cbcd5431f63 [none]
[debug] [2024-03-03T12:04:26.141Z] >>> [apiv2][body] POST https://upload-firebasehosting.googleapis.com/upload/sites/webimthiyaz/versions/2564f02c9be880f5/files/4c518962b0adb3354ceddf197f9e91bfc45a010f3481ec15f4057cbcd5431f63 [stream]
[debug] [2024-03-03T12:04:26.145Z] >>> [apiv2][query] POST https://upload-firebasehosting.googleapis.com/upload/sites/webimthiyaz/versions/2564f02c9be880f5/files/63de1abcffebfdcd0771ed648e22dae4deaee3e2cbc919bbd567932c2070040b [none]
[debug] [2024-03-03T12:04:26.145Z] >>> [apiv2][body] POST https://upload-firebasehosting.googleapis.com/upload/sites/webimthiyaz/versions/2564f02c9be880f5/files/63de1abcffebfdcd0771ed648e22dae4deaee3e2cbc919bbd567932c2070040b [stream]
[debug] [2024-03-03T12:04:26.150Z] >>> [apiv2][query] POST https://upload-firebasehosting.googleapis.com/upload/sites/webimthiyaz/versions/2564f02c9be880f5/files/1deaffa6c48c181109ed2f460662ceed1795765e68190e7948d724d85da6d4dc [none]
[debug] [2024-03-03T12:04:26.150Z] >>> [apiv2][body] POST https://upload-firebasehosting.googleapis.com/upload/sites/webimthiyaz/versions/2564f02c9be880f5/files/1deaffa6c48c181109ed2f460662ceed1795765e68190e7948d724d85da6d4dc [stream]
[debug] [2024-03-03T12:04:26.151Z] >>> [apiv2][query] POST https://upload-firebasehosting.googleapis.com/upload/sites/webimthiyaz/versions/2564f02c9be880f5/files/3e962112ffdafbb37dbf077e4a3d5bac1bf42e002894f31ec111a79bd847f626 [none]
[debug] [2024-03-03T12:04:26.151Z] >>> [apiv2][body] POST https://upload-firebasehosting.googleapis.com/upload/sites/webimthiyaz/versions/2564f02c9be880f5/files/3e962112ffdafbb37dbf077e4a3d5bac1bf42e002894f31ec111a79bd847f626 [stream]
[debug] [2024-03-03T12:04:26.157Z] >>> [apiv2][query] POST https://upload-firebasehosting.googleapis.com/upload/sites/webimthiyaz/versions/2564f02c9be880f5/files/426a31c9b45c3cfb9874f8baad28c5c211b07aec06b0580d0437756047881932 [none]
[debug] [2024-03-03T12:04:26.157Z] >>> [apiv2][body] POST https://upload-firebasehosting.googleapis.com/upload/sites/webimthiyaz/versions/2564f02c9be880f5/files/426a31c9b45c3cfb9874f8baad28c5c211b07aec06b0580d0437756047881932 [stream]
[debug] [2024-03-03T12:04:26.163Z] >>> [apiv2][query] POST https://upload-firebasehosting.googleapis.com/upload/sites/webimthiyaz/versions/2564f02c9be880f5/files/d62e308759847ec071bbe07cefabe40a1c5c46287f6ef925cc24f71562fd7bdb [none]
[debug] [2024-03-03T12:04:26.163Z] >>> [apiv2][body] POST https://upload-firebasehosting.googleapis.com/upload/sites/webimthiyaz/versions/2564f02c9be880f5/files/d62e308759847ec071bbe07cefabe40a1c5c46287f6ef925cc24f71562fd7bdb [stream]
[debug] [2024-03-03T12:04:26.167Z] >>> [apiv2][query] POST https://upload-firebasehosting.googleapis.com/upload/sites/webimthiyaz/versions/2564f02c9be880f5/files/5e7d104838714d5afaf86fa9ae9ed3c96cd38f4dc3a224b1ed8d4cb2523b77e7 [none]
[debug] [2024-03-03T12:04:26.167Z] >>> [apiv2][body] POST https://upload-firebasehosting.googleapis.com/upload/sites/webimthiyaz/versions/2564f02c9be880f5/files/5e7d104838714d5afaf86fa9ae9ed3c96cd38f4dc3a224b1ed8d4cb2523b77e7 [stream]
[debug] [2024-03-03T12:04:26.168Z] [hosting][populate queue][FINAL] {"max":1458,"min":1458,"avg":1458,"active":0,"complete":1,"success":1,"errored":0,"retried":0,"total":1,"elapsed":1540}
[debug] [2024-03-03T12:04:26.168Z] [hosting] uploads queued: 20
[debug] [2024-03-03T12:04:28.378Z] <<< [apiv2][status] POST https://upload-firebasehosting.googleapis.com/upload/sites/webimthiyaz/versions/2564f02c9be880f5/files/4941a565206ee2acc71319086e439661e3e4f1e753165ed5c2ea1c35b74f09bc 200
[debug] [2024-03-03T12:04:28.383Z] <<< [apiv2][body] POST https://upload-firebasehosting.googleapis.com/upload/sites/webimthiyaz/versions/2564f02c9be880f5/files/4941a565206ee2acc71319086e439661e3e4f1e753165ed5c2ea1c35b74f09bc [stream]
[debug] [2024-03-03T12:04:28.385Z] <<< [apiv2][status] POST https://upload-firebasehosting.googleapis.com/upload/sites/webimthiyaz/versions/2564f02c9be880f5/files/aaa055d37a9bc7c6dc2bd16321a1c2ada549cf189a88c73166945488ea08e5e4 200
[debug] [2024-03-03T12:04:28.385Z] <<< [apiv2][body] POST https://upload-firebasehosting.googleapis.com/upload/sites/webimthiyaz/versions/2564f02c9be880f5/files/aaa055d37a9bc7c6dc2bd16321a1c2ada549cf189a88c73166945488ea08e5e4 [stream]
[debug] [2024-03-03T12:04:28.594Z] <<< [apiv2][status] POST https://upload-firebasehosting.googleapis.com/upload/sites/webimthiyaz/versions/2564f02c9be880f5/files/63de1abcffebfdcd0771ed648e22dae4deaee3e2cbc919bbd567932c2070040b 200
[debug] [2024-03-03T12:04:28.594Z] <<< [apiv2][body] POST https://upload-firebasehosting.googleapis.com/upload/sites/webimthiyaz/versions/2564f02c9be880f5/files/63de1abcffebfdcd0771ed648e22dae4deaee3e2cbc919bbd567932c2070040b [stream]
[debug] [2024-03-03T12:04:28.759Z] <<< [apiv2][status] POST https://upload-firebasehosting.googleapis.com/upload/sites/webimthiyaz/versions/2564f02c9be880f5/files/5e7d104838714d5afaf86fa9ae9ed3c96cd38f4dc3a224b1ed8d4cb2523b77e7 200
[debug] [2024-03-03T12:04:28.760Z] <<< [apiv2][body] POST https://upload-firebasehosting.googleapis.com/upload/sites/webimthiyaz/versions/2564f02c9be880f5/files/5e7d104838714d5afaf86fa9ae9ed3c96cd38f4dc3a224b1ed8d4cb2523b77e7 [stream]
[debug] [2024-03-03T12:04:28.791Z] <<< [apiv2][status] POST https://upload-firebasehosting.googleapis.com/upload/sites/webimthiyaz/versions/2564f02c9be880f5/files/5377083a21083ed11858dff238383b73024acece8b7b72393106f465200ba516 200
[debug] [2024-03-03T12:04:28.791Z] <<< [apiv2][body] POST https://upload-firebasehosting.googleapis.com/upload/sites/webimthiyaz/versions/2564f02c9be880f5/files/5377083a21083ed11858dff238383b73024acece8b7b72393106f465200ba516 [stream]
[debug] [2024-03-03T12:04:28.806Z] <<< [apiv2][status] POST https://upload-firebasehosting.googleapis.com/upload/sites/webimthiyaz/versions/2564f02c9be880f5/files/3e962112ffdafbb37dbf077e4a3d5bac1bf42e002894f31ec111a79bd847f626 200
[debug] [2024-03-03T12:04:28.807Z] <<< [apiv2][body] POST https://upload-firebasehosting.googleapis.com/upload/sites/webimthiyaz/versions/2564f02c9be880f5/files/3e962112ffdafbb37dbf077e4a3d5bac1bf42e002894f31ec111a79bd847f626 [stream]
[debug] [2024-03-03T12:04:29.054Z] <<< [apiv2][status] POST https://upload-firebasehosting.googleapis.com/upload/sites/webimthiyaz/versions/2564f02c9be880f5/files/1deaffa6c48c181109ed2f460662ceed1795765e68190e7948d724d85da6d4dc 200
[debug] [2024-03-03T12:04:29.055Z] <<< [apiv2][body] POST https://upload-firebasehosting.googleapis.com/upload/sites/webimthiyaz/versions/2564f02c9be880f5/files/1deaffa6c48c181109ed2f460662ceed1795765e68190e7948d724d85da6d4dc [stream]
[debug] [2024-03-03T12:04:29.302Z] <<< [apiv2][status] POST https://upload-firebasehosting.googleapis.com/upload/sites/webimthiyaz/versions/2564f02c9be880f5/files/c4cbe319ab4b05583418097818c7c002af0a2fa7f6ed6df4f6690dfcba597892 200
[debug] [2024-03-03T12:04:29.303Z] <<< [apiv2][body] POST https://upload-firebasehosting.googleapis.com/upload/sites/webimthiyaz/versions/2564f02c9be880f5/files/c4cbe319ab4b05583418097818c7c002af0a2fa7f6ed6df4f6690dfcba597892 [stream]
[debug] [2024-03-03T12:04:29.336Z] <<< [apiv2][status] POST https://upload-firebasehosting.googleapis.com/upload/sites/webimthiyaz/versions/2564f02c9be880f5/files/072b032ac9d8cf341f4f96790722b24bf370dc9e803e8c43c138df12378295dc 200
[debug] [2024-03-03T12:04:29.336Z] <<< [apiv2][body] POST https://upload-firebasehosting.googleapis.com/upload/sites/webimthiyaz/versions/2564f02c9be880f5/files/072b032ac9d8cf341f4f96790722b24bf370dc9e803e8c43c138df12378295dc [stream]
[debug] [2024-03-03T12:04:29.653Z] <<< [apiv2][status] POST https://upload-firebasehosting.googleapis.com/upload/sites/webimthiyaz/versions/2564f02c9be880f5/files/956d803c622720f7909c6b1c90b721b2dfb73da80b8ccc29befde725acdb2570 200
[debug] [2024-03-03T12:04:29.654Z] <<< [apiv2][body] POST https://upload-firebasehosting.googleapis.com/upload/sites/webimthiyaz/versions/2564f02c9be880f5/files/956d803c622720f7909c6b1c90b721b2dfb73da80b8ccc29befde725acdb2570 [stream]
[debug] [2024-03-03T12:04:29.838Z] <<< [apiv2][status] POST https://upload-firebasehosting.googleapis.com/upload/sites/webimthiyaz/versions/2564f02c9be880f5/files/48132075f842fc640f04b2e0b5e8008bd7f87aab269cdb15c35156f98375bdd3 200
[debug] [2024-03-03T12:04:29.838Z] <<< [apiv2][body] POST https://upload-firebasehosting.googleapis.com/upload/sites/webimthiyaz/versions/2564f02c9be880f5/files/48132075f842fc640f04b2e0b5e8008bd7f87aab269cdb15c35156f98375bdd3 [stream]
[debug] [2024-03-03T12:04:36.620Z] <<< [apiv2][status] POST https://upload-firebasehosting.googleapis.com/upload/sites/webimthiyaz/versions/2564f02c9be880f5/files/426a31c9b45c3cfb9874f8baad28c5c211b07aec06b0580d0437756047881932 200
[debug] [2024-03-03T12:04:36.623Z] <<< [apiv2][body] POST https://upload-firebasehosting.googleapis.com/upload/sites/webimthiyaz/versions/2564f02c9be880f5/files/426a31c9b45c3cfb9874f8baad28c5c211b07aec06b0580d0437756047881932 [stream]
[debug] [2024-03-03T12:04:37.408Z] <<< [apiv2][status] POST https://upload-firebasehosting.googleapis.com/upload/sites/webimthiyaz/versions/2564f02c9be880f5/files/9b8b23f96cdc342f6daac4b0bd4e0970b377d2b09e1b18e0b7c2f351467157be 200
[debug] [2024-03-03T12:04:37.411Z] <<< [apiv2][body] POST https://upload-firebasehosting.googleapis.com/upload/sites/webimthiyaz/versions/2564f02c9be880f5/files/9b8b23f96cdc342f6daac4b0bd4e0970b377d2b09e1b18e0b7c2f351467157be [stream]
[debug] [2024-03-03T12:04:47.759Z] <<< [apiv2][status] POST https://upload-firebasehosting.googleapis.com/upload/sites/webimthiyaz/versions/2564f02c9be880f5/files/d5bdb56f0b833d5cd9dfa602cc30e77b4d868123eb38ed2339548930ea88f8f9 200
[debug] [2024-03-03T12:04:47.761Z] <<< [apiv2][body] POST https://upload-firebasehosting.googleapis.com/upload/sites/webimthiyaz/versions/2564f02c9be880f5/files/d5bdb56f0b833d5cd9dfa602cc30e77b4d868123eb38ed2339548930ea88f8f9 [stream]
